This is pdfTeX, Version 3.141592653-2.6-1.40.24 (TeX Live 2022) (preloaded format=pdflatex 2022.9.9)  25 APR 2023 10:08
entering extended mode
 restricted \write18 enabled.
 %&-line parsing enabled.
**intro2rchap03.tex
(./intro2rchap03.tex
LaTeX2e <2022-06-01> patch level 5
L3 programming layer <2022-08-30>
(c:/texlive/2022/texmf-dist/tex/latex/beamer/beamer.cls
Document Class: beamer 2022/05/17 v3.67 A class for typesetting presentations
(c:/texlive/2022/texmf-dist/tex/latex/beamer/beamerbasemodes.sty
(c:/texlive/2022/texmf-dist/tex/latex/etoolbox/etoolbox.sty
Package: etoolbox 2020/10/05 v2.5k e-TeX tools for LaTeX (JAW)
\etb@tempcnta=\count185
)
\beamer@tempbox=\box51
\beamer@tempcount=\count186
\c@beamerpauses=\count187

(c:/texlive/2022/texmf-dist/tex/latex/beamer/beamerbasedecode.sty
\beamer@slideinframe=\count188
\beamer@minimum=\count189
\beamer@decode@box=\box52
)
\beamer@commentbox=\box53
\beamer@modecount=\count190
)
(c:/texlive/2022/texmf-dist/tex/generic/iftex/iftex.sty
Package: iftex 2022/02/03 v1.0f TeX engine tests
)
\headdp=\dimen138
\footheight=\dimen139
\sidebarheight=\dimen140
\beamer@tempdim=\dimen141
\beamer@finalheight=\dimen142
\beamer@animht=\dimen143
\beamer@animdp=\dimen144
\beamer@animwd=\dimen145
\beamer@leftmargin=\dimen146
\beamer@rightmargin=\dimen147
\beamer@leftsidebar=\dimen148
\beamer@rightsidebar=\dimen149
\beamer@boxsize=\dimen150
\beamer@vboxoffset=\dimen151
\beamer@descdefault=\dimen152
\beamer@descriptionwidth=\dimen153
\beamer@lastskip=\skip47
\beamer@areabox=\box54
\beamer@animcurrent=\box55
\beamer@animshowbox=\box56
\beamer@sectionbox=\box57
\beamer@logobox=\box58
\beamer@linebox=\box59
\beamer@sectioncount=\count191
\beamer@subsubsectionmax=\count192
\beamer@subsectionmax=\count193
\beamer@sectionmax=\count194
\beamer@totalheads=\count195
\beamer@headcounter=\count196
\beamer@partstartpage=\count197
\beamer@sectionstartpage=\count198
\beamer@subsectionstartpage=\count199
\beamer@animationtempa=\count266
\beamer@animationtempb=\count267
\beamer@xpos=\count268
\beamer@ypos=\count269
\beamer@ypos@offset=\count270
\beamer@showpartnumber=\count271
\beamer@currentsubsection=\count272
\beamer@coveringdepth=\count273
\beamer@sectionadjust=\count274
\beamer@toclastsection=\count275
\beamer@tocsectionnumber=\count276

(c:/texlive/2022/texmf-dist/tex/latex/beamer/beamerbaseoptions.sty
(c:/texlive/2022/texmf-dist/tex/latex/graphics/keyval.sty
Package: keyval 2022/05/29 v1.15 key=value parser (DPC)
\KV@toks@=\toks16
))
\beamer@paperwidth=\skip48
\beamer@paperheight=\skip49

(c:/texlive/2022/texmf-dist/tex/latex/geometry/geometry.sty
Package: geometry 2020/01/02 v5.9 Page Geometry

(c:/texlive/2022/texmf-dist/tex/generic/iftex/ifvtex.sty
Package: ifvtex 2019/10/25 v1.7 ifvtex legacy package. Use iftex instead.
)
\Gm@cnth=\count277
\Gm@cntv=\count278
\c@Gm@tempcnt=\count279
\Gm@bindingoffset=\dimen154
\Gm@wd@mp=\dimen155
\Gm@odd@mp=\dimen156
\Gm@even@mp=\dimen157
\Gm@layoutwidth=\dimen158
\Gm@layoutheight=\dimen159
\Gm@layouthoffset=\dimen160
\Gm@layoutvoffset=\dimen161
\Gm@dimlist=\toks17
)
(c:/texlive/2022/texmf-dist/tex/latex/pgf/math/pgfmath.sty
(c:/texlive/2022/texmf-dist/tex/latex/pgf/utilities/pgfrcs.sty
(c:/texlive/2022/texmf-dist/tex/generic/pgf/utilities/pgfutil-common.tex
\pgfutil@everybye=\toks18
\pgfutil@tempdima=\dimen162
\pgfutil@tempdimb=\dimen163

(c:/texlive/2022/texmf-dist/tex/generic/pgf/utilities/pgfutil-common-lists.tex)
) (c:/texlive/2022/texmf-dist/tex/generic/pgf/utilities/pgfutil-latex.def
\pgfutil@abb=\box60
)
(c:/texlive/2022/texmf-dist/tex/generic/pgf/utilities/pgfrcs.code.tex
(c:/texlive/2022/texmf-dist/tex/generic/pgf/pgf.revision.tex)
Package: pgfrcs 2021/05/15 v3.1.9a (3.1.9a)
))
(c:/texlive/2022/texmf-dist/tex/latex/pgf/utilities/pgfkeys.sty
(c:/texlive/2022/texmf-dist/tex/generic/pgf/utilities/pgfkeys.code.tex
\pgfkeys@pathtoks=\toks19
\pgfkeys@temptoks=\toks20

(c:/texlive/2022/texmf-dist/tex/generic/pgf/utilities/pgfkeysfiltered.code.tex
\pgfkeys@tmptoks=\toks21
))) (c:/texlive/2022/texmf-dist/tex/generic/pgf/math/pgfmath.code.tex
(c:/texlive/2022/texmf-dist/tex/generic/pgf/math/pgfmathcalc.code.tex
(c:/texlive/2022/texmf-dist/tex/generic/pgf/math/pgfmathutil.code.tex
\pgf@x=\dimen164
\pgf@xa=\dimen165
\pgf@xb=\dimen166
\pgf@xc=\dimen167
\pgf@y=\dimen168
\pgf@ya=\dimen169
\pgf@yb=\dimen170
\pgf@yc=\dimen171
\c@pgf@counta=\count280
\c@pgf@countb=\count281
\c@pgf@countc=\count282
\c@pgf@countd=\count283
)
(c:/texlive/2022/texmf-dist/tex/generic/pgf/math/pgfmathparser.code.tex
\pgfmath@dimen=\dimen172
\pgfmath@count=\count284
\pgfmath@box=\box61
\pgfmath@toks=\toks22
\pgfmath@stack@operand=\toks23
\pgfmath@stack@operation=\toks24
)
(c:/texlive/2022/texmf-dist/tex/generic/pgf/math/pgfmathfunctions.code.tex
(c:/texlive/2022/texmf-dist/tex/generic/pgf/math/pgfmathfunctions.basic.code.te
x)
(c:/texlive/2022/texmf-dist/tex/generic/pgf/math/pgfmathfunctions.trigonometric
.code.tex)
(c:/texlive/2022/texmf-dist/tex/generic/pgf/math/pgfmathfunctions.random.code.t
ex)
(c:/texlive/2022/texmf-dist/tex/generic/pgf/math/pgfmathfunctions.comparison.co
de.tex)
(c:/texlive/2022/texmf-dist/tex/generic/pgf/math/pgfmathfunctions.base.code.tex
)
(c:/texlive/2022/texmf-dist/tex/generic/pgf/math/pgfmathfunctions.round.code.te
x)
(c:/texlive/2022/texmf-dist/tex/generic/pgf/math/pgfmathfunctions.misc.code.tex
)
(c:/texlive/2022/texmf-dist/tex/generic/pgf/math/pgfmathfunctions.integerarithm
etics.code.tex)))
(c:/texlive/2022/texmf-dist/tex/generic/pgf/math/pgfmathfloat.code.tex
\c@pgfmathroundto@lastzeros=\count285
)))
(c:/texlive/2022/texmf-dist/tex/latex/base/size11.clo
File: size11.clo 2021/10/04 v1.4n Standard LaTeX file (size option)
)
(c:/texlive/2022/texmf-dist/tex/latex/pgf/basiclayer/pgfcore.sty
(c:/texlive/2022/texmf-dist/tex/latex/graphics/graphicx.sty
Package: graphicx 2021/09/16 v1.2d Enhanced LaTeX Graphics (DPC,SPQR)

(c:/texlive/2022/texmf-dist/tex/latex/graphics/graphics.sty
Package: graphics 2022/03/10 v1.4e Standard LaTeX Graphics (DPC,SPQR)

(c:/texlive/2022/texmf-dist/tex/latex/graphics/trig.sty
Package: trig 2021/08/11 v1.11 sin cos tan (DPC)
)
(c:/texlive/2022/texmf-dist/tex/latex/graphics-cfg/graphics.cfg
File: graphics.cfg 2016/06/04 v1.11 sample graphics configuration
)
Package graphics Info: Driver file: pdftex.def on input line 107.

(c:/texlive/2022/texmf-dist/tex/latex/graphics-def/pdftex.def
File: pdftex.def 2020/10/05 v1.2a Graphics/color driver for pdftex
))
\Gin@req@height=\dimen173
\Gin@req@width=\dimen174
)
(c:/texlive/2022/texmf-dist/tex/latex/pgf/systemlayer/pgfsys.sty
(c:/texlive/2022/texmf-dist/tex/generic/pgf/systemlayer/pgfsys.code.tex
Package: pgfsys 2021/05/15 v3.1.9a (3.1.9a)

(c:/texlive/2022/texmf-dist/tex/generic/pgf/utilities/pgfkeys.code.tex)
\pgf@x=\dimen175
\pgf@y=\dimen176
\pgf@xa=\dimen177
\pgf@ya=\dimen178
\pgf@xb=\dimen179
\pgf@yb=\dimen180
\pgf@xc=\dimen181
\pgf@yc=\dimen182
\pgf@xd=\dimen183
\pgf@yd=\dimen184
\w@pgf@writea=\write3
\r@pgf@reada=\read2
\c@pgf@counta=\count286
\c@pgf@countb=\count287
\c@pgf@countc=\count288
\c@pgf@countd=\count289
\t@pgf@toka=\toks25
\t@pgf@tokb=\toks26
\t@pgf@tokc=\toks27
\pgf@sys@id@count=\count290

(c:/texlive/2022/texmf-dist/tex/generic/pgf/systemlayer/pgf.cfg
File: pgf.cfg 2021/05/15 v3.1.9a (3.1.9a)
)
Driver file for pgf: pgfsys-pdftex.def

(c:/texlive/2022/texmf-dist/tex/generic/pgf/systemlayer/pgfsys-pdftex.def
File: pgfsys-pdftex.def 2021/05/15 v3.1.9a (3.1.9a)

(c:/texlive/2022/texmf-dist/tex/generic/pgf/systemlayer/pgfsys-common-pdf.def
File: pgfsys-common-pdf.def 2021/05/15 v3.1.9a (3.1.9a)
)))
(c:/texlive/2022/texmf-dist/tex/generic/pgf/systemlayer/pgfsyssoftpath.code.tex
File: pgfsyssoftpath.code.tex 2021/05/15 v3.1.9a (3.1.9a)
\pgfsyssoftpath@smallbuffer@items=\count291
\pgfsyssoftpath@bigbuffer@items=\count292
)
(c:/texlive/2022/texmf-dist/tex/generic/pgf/systemlayer/pgfsysprotocol.code.tex
File: pgfsysprotocol.code.tex 2021/05/15 v3.1.9a (3.1.9a)
)) (c:/texlive/2022/texmf-dist/tex/latex/xcolor/xcolor.sty
Package: xcolor 2022/06/12 v2.14 LaTeX color extensions (UK)

(c:/texlive/2022/texmf-dist/tex/latex/graphics-cfg/color.cfg
File: color.cfg 2016/01/02 v1.6 sample color configuration
)
Package xcolor Info: Driver file: pdftex.def on input line 227.

(c:/texlive/2022/texmf-dist/tex/latex/graphics/mathcolor.ltx)
Package xcolor Info: Model `cmy' substituted by `cmy0' on input line 1353.
Package xcolor Info: Model `hsb' substituted by `rgb' on input line 1357.
Package xcolor Info: Model `RGB' extended on input line 1369.
Package xcolor Info: Model `HTML' substituted by `rgb' on input line 1371.
Package xcolor Info: Model `Hsb' substituted by `hsb' on input line 1372.
Package xcolor Info: Model `tHsb' substituted by `hsb' on input line 1373.
Package xcolor Info: Model `HSB' substituted by `hsb' on input line 1374.
Package xcolor Info: Model `Gray' substituted by `gray' on input line 1375.
Package xcolor Info: Model `wave' substituted by `hsb' on input line 1376.
)
(c:/texlive/2022/texmf-dist/tex/generic/pgf/basiclayer/pgfcore.code.tex
Package: pgfcore 2021/05/15 v3.1.9a (3.1.9a)

(c:/texlive/2022/texmf-dist/tex/generic/pgf/math/pgfmath.code.tex)
(c:/texlive/2022/texmf-dist/tex/generic/pgf/math/pgfint.code.tex)
(c:/texlive/2022/texmf-dist/tex/generic/pgf/basiclayer/pgfcorepoints.code.tex
File: pgfcorepoints.code.tex 2021/05/15 v3.1.9a (3.1.9a)
\pgf@picminx=\dimen185
\pgf@picmaxx=\dimen186
\pgf@picminy=\dimen187
\pgf@picmaxy=\dimen188
\pgf@pathminx=\dimen189
\pgf@pathmaxx=\dimen190
\pgf@pathminy=\dimen191
\pgf@pathmaxy=\dimen192
\pgf@xx=\dimen193
\pgf@xy=\dimen194
\pgf@yx=\dimen195
\pgf@yy=\dimen196
\pgf@zx=\dimen197
\pgf@zy=\dimen198
)
(c:/texlive/2022/texmf-dist/tex/generic/pgf/basiclayer/pgfcorepathconstruct.cod
e.tex
File: pgfcorepathconstruct.code.tex 2021/05/15 v3.1.9a (3.1.9a)
\pgf@path@lastx=\dimen199
\pgf@path@lasty=\dimen256
)
(c:/texlive/2022/texmf-dist/tex/generic/pgf/basiclayer/pgfcorepathusage.code.te
x
File: pgfcorepathusage.code.tex 2021/05/15 v3.1.9a (3.1.9a)
\pgf@shorten@end@additional=\dimen257
\pgf@shorten@start@additional=\dimen258
)
(c:/texlive/2022/texmf-dist/tex/generic/pgf/basiclayer/pgfcorescopes.code.tex
File: pgfcorescopes.code.tex 2021/05/15 v3.1.9a (3.1.9a)
\pgfpic=\box62
\pgf@hbox=\box63
\pgf@layerbox@main=\box64
\pgf@picture@serial@count=\count293
)
(c:/texlive/2022/texmf-dist/tex/generic/pgf/basiclayer/pgfcoregraphicstate.code
.tex
File: pgfcoregraphicstate.code.tex 2021/05/15 v3.1.9a (3.1.9a)
\pgflinewidth=\dimen259
)
(c:/texlive/2022/texmf-dist/tex/generic/pgf/basiclayer/pgfcoretransformations.c
ode.tex
File: pgfcoretransformations.code.tex 2021/05/15 v3.1.9a (3.1.9a)
\pgf@pt@x=\dimen260
\pgf@pt@y=\dimen261
\pgf@pt@temp=\dimen262
)
(c:/texlive/2022/texmf-dist/tex/generic/pgf/basiclayer/pgfcorequick.code.tex
File: pgfcorequick.code.tex 2021/05/15 v3.1.9a (3.1.9a)
)
(c:/texlive/2022/texmf-dist/tex/generic/pgf/basiclayer/pgfcoreobjects.code.tex
File: pgfcoreobjects.code.tex 2021/05/15 v3.1.9a (3.1.9a)
)
(c:/texlive/2022/texmf-dist/tex/generic/pgf/basiclayer/pgfcorepathprocessing.co
de.tex
File: pgfcorepathprocessing.code.tex 2021/05/15 v3.1.9a (3.1.9a)
)
(c:/texlive/2022/texmf-dist/tex/generic/pgf/basiclayer/pgfcorearrows.code.tex
File: pgfcorearrows.code.tex 2021/05/15 v3.1.9a (3.1.9a)
\pgfarrowsep=\dimen263
)
(c:/texlive/2022/texmf-dist/tex/generic/pgf/basiclayer/pgfcoreshade.code.tex
File: pgfcoreshade.code.tex 2021/05/15 v3.1.9a (3.1.9a)
\pgf@max=\dimen264
\pgf@sys@shading@range@num=\count294
\pgf@shadingcount=\count295
)
(c:/texlive/2022/texmf-dist/tex/generic/pgf/basiclayer/pgfcoreimage.code.tex
File: pgfcoreimage.code.tex 2021/05/15 v3.1.9a (3.1.9a)

(c:/texlive/2022/texmf-dist/tex/generic/pgf/basiclayer/pgfcoreexternal.code.tex
File: pgfcoreexternal.code.tex 2021/05/15 v3.1.9a (3.1.9a)
\pgfexternal@startupbox=\box65
))
(c:/texlive/2022/texmf-dist/tex/generic/pgf/basiclayer/pgfcorelayers.code.tex
File: pgfcorelayers.code.tex 2021/05/15 v3.1.9a (3.1.9a)
)
(c:/texlive/2022/texmf-dist/tex/generic/pgf/basiclayer/pgfcoretransparency.code
.tex
File: pgfcoretransparency.code.tex 2021/05/15 v3.1.9a (3.1.9a)
)
(c:/texlive/2022/texmf-dist/tex/generic/pgf/basiclayer/pgfcorepatterns.code.tex
File: pgfcorepatterns.code.tex 2021/05/15 v3.1.9a (3.1.9a)
) (c:/texlive/2022/texmf-dist/tex/generic/pgf/basiclayer/pgfcorerdf.code.tex
File: pgfcorerdf.code.tex 2021/05/15 v3.1.9a (3.1.9a)
))) (c:/texlive/2022/texmf-dist/tex/latex/pgf/utilities/xxcolor.sty
Package: xxcolor 2003/10/24 ver 0.1
\XC@nummixins=\count296
\XC@countmixins=\count297
)
(c:/texlive/2022/texmf-dist/tex/latex/base/atbegshi-ltx.sty
Package: atbegshi-ltx 2021/01/10 v1.0c Emulation of the original atbegshi
package with kernel methods
)
(c:/texlive/2022/texmf-dist/tex/latex/hyperref/hyperref.sty
Package: hyperref 2022-06-20 v7.00s Hypertext links for LaTeX

(c:/texlive/2022/texmf-dist/tex/generic/ltxcmds/ltxcmds.sty
Package: ltxcmds 2020-05-10 v1.25 LaTeX kernel commands for general use (HO)
)
(c:/texlive/2022/texmf-dist/tex/generic/pdftexcmds/pdftexcmds.sty
Package: pdftexcmds 2020-06-27 v0.33 Utility functions of pdfTeX for LuaTeX (HO
)

(c:/texlive/2022/texmf-dist/tex/generic/infwarerr/infwarerr.sty
Package: infwarerr 2019/12/03 v1.5 Providing info/warning/error messages (HO)
)
Package pdftexcmds Info: \pdf@primitive is available.
Package pdftexcmds Info: \pdf@ifprimitive is available.
Package pdftexcmds Info: \pdfdraftmode found.
)
(c:/texlive/2022/texmf-dist/tex/generic/kvsetkeys/kvsetkeys.sty
Package: kvsetkeys 2019/12/15 v1.18 Key value parser (HO)
)
(c:/texlive/2022/texmf-dist/tex/generic/kvdefinekeys/kvdefinekeys.sty
Package: kvdefinekeys 2019-12-19 v1.6 Define keys (HO)
)
(c:/texlive/2022/texmf-dist/tex/generic/pdfescape/pdfescape.sty
Package: pdfescape 2019/12/09 v1.15 Implements pdfTeX's escape features (HO)
)
(c:/texlive/2022/texmf-dist/tex/latex/hycolor/hycolor.sty
Package: hycolor 2020-01-27 v1.10 Color options for hyperref/bookmark (HO)
)
(c:/texlive/2022/texmf-dist/tex/latex/letltxmacro/letltxmacro.sty
Package: letltxmacro 2019/12/03 v1.6 Let assignment for LaTeX macros (HO)
)
(c:/texlive/2022/texmf-dist/tex/latex/auxhook/auxhook.sty
Package: auxhook 2019-12-17 v1.6 Hooks for auxiliary files (HO)
)
(c:/texlive/2022/texmf-dist/tex/latex/hyperref/nameref.sty
Package: nameref 2022-05-17 v2.50 Cross-referencing by name of section

(c:/texlive/2022/texmf-dist/tex/latex/refcount/refcount.sty
Package: refcount 2019/12/15 v3.6 Data extraction from label references (HO)
)
(c:/texlive/2022/texmf-dist/tex/generic/gettitlestring/gettitlestring.sty
Package: gettitlestring 2019/12/15 v1.6 Cleanup title references (HO)

(c:/texlive/2022/texmf-dist/tex/latex/kvoptions/kvoptions.sty
Package: kvoptions 2022-06-15 v3.15 Key value format for package options (HO)
))
\c@section@level=\count298
)
\@linkdim=\dimen265
\Hy@linkcounter=\count299
\Hy@pagecounter=\count300

(c:/texlive/2022/texmf-dist/tex/latex/hyperref/pd1enc.def
File: pd1enc.def 2022-06-20 v7.00s Hyperref: PDFDocEncoding definition (HO)
Now handling font encoding PD1 ...
... no UTF-8 mapping file for font encoding PD1
)
(c:/texlive/2022/texmf-dist/tex/generic/intcalc/intcalc.sty
Package: intcalc 2019/12/15 v1.3 Expandable calculations with integers (HO)
)
(c:/texlive/2022/texmf-dist/tex/generic/etexcmds/etexcmds.sty
Package: etexcmds 2019/12/15 v1.7 Avoid name clashes with e-TeX commands (HO)
)
\Hy@SavedSpaceFactor=\count301

(c:/texlive/2022/texmf-dist/tex/latex/hyperref/puenc.def
File: puenc.def 2022-06-20 v7.00s Hyperref: PDF Unicode definition (HO)
Now handling font encoding PU ...
... no UTF-8 mapping file for font encoding PU
)
Package hyperref Info: Option `bookmarks' set `true' on input line 4045.
Package hyperref Info: Option `bookmarksopen' set `true' on input line 4045.
Package hyperref Info: Option `implicit' set `false' on input line 4045.
Package hyperref Info: Hyper figures OFF on input line 4162.
Package hyperref Info: Link nesting OFF on input line 4167.
Package hyperref Info: Hyper index ON on input line 4170.
Package hyperref Info: Plain pages OFF on input line 4177.
Package hyperref Info: Backreferencing OFF on input line 4182.
Package hyperref Info: Implicit mode OFF; no redefinition of LaTeX internals.
Package hyperref Info: Bookmarks ON on input line 4408.
\c@Hy@tempcnt=\count302

(c:/texlive/2022/texmf-dist/tex/latex/url/url.sty
\Urlmuskip=\muskip16
Package: url 2013/09/16  ver 3.4  Verb mode for urls, etc.
)
LaTeX Info: Redefining \url on input line 4746.
\XeTeXLinkMargin=\dimen266

(c:/texlive/2022/texmf-dist/tex/generic/bitset/bitset.sty
Package: bitset 2019/12/09 v1.3 Handle bit-vector datatype (HO)

(c:/texlive/2022/texmf-dist/tex/generic/bigintcalc/bigintcalc.sty
Package: bigintcalc 2019/12/15 v1.5 Expandable calculations on big integers (HO
)
))
\Fld@menulength=\count303
\Field@Width=\dimen267
\Fld@charsize=\dimen268
Package hyperref Info: Hyper figures OFF on input line 6024.
Package hyperref Info: Link nesting OFF on input line 6029.
Package hyperref Info: Hyper index ON on input line 6032.
Package hyperref Info: backreferencing OFF on input line 6039.
Package hyperref Info: Link coloring OFF on input line 6044.
Package hyperref Info: Link coloring with OCG OFF on input line 6049.
Package hyperref Info: PDF/A mode OFF on input line 6054.
\Hy@abspage=\count304


Package hyperref Message: Stopped early.

)
Package hyperref Info: Driver (autodetected): hpdftex.
 (c:/texlive/2022/texmf-dist/tex/latex/hyperref/hpdftex.def
File: hpdftex.def 2022-06-20 v7.00s Hyperref driver for pdfTeX

(c:/texlive/2022/texmf-dist/tex/latex/base/atveryend-ltx.sty
Package: atveryend-ltx 2020/08/19 v1.0a Emulation of the original atveryend pac
kage
with kernel methods
)
\Fld@listcount=\count305
\c@bookmark@seq@number=\count306

(c:/texlive/2022/texmf-dist/tex/latex/rerunfilecheck/rerunfilecheck.sty
Package: rerunfilecheck 2022-07-10 v1.10 Rerun checks for auxiliary files (HO)

(c:/texlive/2022/texmf-dist/tex/generic/uniquecounter/uniquecounter.sty
Package: uniquecounter 2019/12/15 v1.4 Provide unlimited unique counter (HO)
)
Package uniquecounter Info: New unique counter `rerunfilecheck' on input line 2
85.
))
(c:/texlive/2022/texmf-dist/tex/latex/beamer/beamerbaserequires.sty
(c:/texlive/2022/texmf-dist/tex/latex/beamer/beamerbasecompatibility.sty)
(c:/texlive/2022/texmf-dist/tex/latex/beamer/beamerbasefont.sty
(c:/texlive/2022/texmf-dist/tex/latex/amsfonts/amssymb.sty
Package: amssymb 2013/01/14 v3.01 AMS font symbols

(c:/texlive/2022/texmf-dist/tex/latex/amsfonts/amsfonts.sty
Package: amsfonts 2013/01/14 v3.01 Basic AMSFonts support
\@emptytoks=\toks28
\symAMSa=\mathgroup4
\symAMSb=\mathgroup5
LaTeX Font Info:    Redeclaring math symbol \hbar on input line 98.
LaTeX Font Info:    Overwriting math alphabet `\mathfrak' in version `bold'
(Font)                  U/euf/m/n --> U/euf/b/n on input line 106.
))
(c:/texlive/2022/texmf-dist/tex/latex/sansmathaccent/sansmathaccent.sty
Package: sansmathaccent 2020/01/31

(c:/texlive/2022/texmf-dist/tex/latex/koma-script/scrlfile.sty
Package: scrlfile 2022/07/04 v3.37 KOMA-Script package (file load hooks)

(c:/texlive/2022/texmf-dist/tex/latex/koma-script/scrlfile-hook.sty
Package: scrlfile-hook 2022/07/04 v3.37 KOMA-Script package (using LaTeX hooks)


(c:/texlive/2022/texmf-dist/tex/latex/koma-script/scrlogo.sty
Package: scrlogo 2022/07/04 v3.37 KOMA-Script package (logo)
)))))
(c:/texlive/2022/texmf-dist/tex/latex/beamer/beamerbasetranslator.sty
(c:/texlive/2022/texmf-dist/tex/latex/translator/translator.sty
Package: translator 2021-05-31 v1.12d Easy translation of strings in LaTeX
))
(c:/texlive/2022/texmf-dist/tex/latex/beamer/beamerbasemisc.sty)
(c:/texlive/2022/texmf-dist/tex/latex/beamer/beamerbasetwoscreens.sty)
(c:/texlive/2022/texmf-dist/tex/latex/beamer/beamerbaseoverlay.sty
\beamer@argscount=\count307
\beamer@lastskipcover=\skip50
\beamer@trivlistdepth=\count308
)
(c:/texlive/2022/texmf-dist/tex/latex/beamer/beamerbasetitle.sty)
(c:/texlive/2022/texmf-dist/tex/latex/beamer/beamerbasesection.sty
\c@lecture=\count309
\c@part=\count310
\c@section=\count311
\c@subsection=\count312
\c@subsubsection=\count313
)
(c:/texlive/2022/texmf-dist/tex/latex/beamer/beamerbaseframe.sty
\beamer@framebox=\box66
\beamer@frametitlebox=\box67
\beamer@zoombox=\box68
\beamer@zoomcount=\count314
\beamer@zoomframecount=\count315
\beamer@frametextheight=\dimen269
\c@subsectionslide=\count316
\beamer@frametopskip=\skip51
\beamer@framebottomskip=\skip52
\beamer@frametopskipautobreak=\skip53
\beamer@framebottomskipautobreak=\skip54
\beamer@envbody=\toks29
\framewidth=\dimen270
\c@framenumber=\count317
)
(c:/texlive/2022/texmf-dist/tex/latex/beamer/beamerbaseverbatim.sty
\beamer@verbatimfileout=\write4
)
(c:/texlive/2022/texmf-dist/tex/latex/beamer/beamerbaseframesize.sty
\beamer@splitbox=\box69
\beamer@autobreakcount=\count318
\beamer@autobreaklastheight=\dimen271
\beamer@frametitletoks=\toks30
\beamer@framesubtitletoks=\toks31
)
(c:/texlive/2022/texmf-dist/tex/latex/beamer/beamerbaseframecomponents.sty
\beamer@footins=\box70
)
(c:/texlive/2022/texmf-dist/tex/latex/beamer/beamerbasecolor.sty)
(c:/texlive/2022/texmf-dist/tex/latex/beamer/beamerbasenotes.sty
\beamer@frameboxcopy=\box71
)
(c:/texlive/2022/texmf-dist/tex/latex/beamer/beamerbasetoc.sty)
(c:/texlive/2022/texmf-dist/tex/latex/beamer/beamerbasetemplates.sty
\beamer@sbttoks=\toks32

(c:/texlive/2022/texmf-dist/tex/latex/beamer/beamerbaseauxtemplates.sty
(c:/texlive/2022/texmf-dist/tex/latex/beamer/beamerbaseboxes.sty
\bmb@box=\box72
\bmb@colorbox=\box73
\bmb@boxwidth=\dimen272
\bmb@boxheight=\dimen273
\bmb@prevheight=\dimen274
\bmb@temp=\dimen275
\bmb@dima=\dimen276
\bmb@dimb=\dimen277
\bmb@prevheight=\dimen278
)
\beamer@blockheadheight=\dimen279
))
(c:/texlive/2022/texmf-dist/tex/latex/beamer/beamerbaselocalstructure.sty
(c:/texlive/2022/texmf-dist/tex/latex/tools/enumerate.sty
Package: enumerate 2015/07/23 v3.00 enumerate extensions (DPC)
\@enLab=\toks33
)
\beamer@bibiconwidth=\skip55
\c@figure=\count319
\c@table=\count320
\abovecaptionskip=\skip56
\belowcaptionskip=\skip57
)
(c:/texlive/2022/texmf-dist/tex/latex/beamer/beamerbasenavigation.sty
\beamer@section@min@dim=\dimen280
)
(c:/texlive/2022/texmf-dist/tex/latex/beamer/beamerbasetheorems.sty
(c:/texlive/2022/texmf-dist/tex/latex/amsmath/amsmath.sty
Package: amsmath 2022/04/08 v2.17n AMS math features
\@mathmargin=\skip58

For additional information on amsmath, use the `?' option.
(c:/texlive/2022/texmf-dist/tex/latex/amsmath/amstext.sty
Package: amstext 2021/08/26 v2.01 AMS text

(c:/texlive/2022/texmf-dist/tex/latex/amsmath/amsgen.sty
File: amsgen.sty 1999/11/30 v2.0 generic functions
\@emptytoks=\toks34
\ex@=\dimen281
))
(c:/texlive/2022/texmf-dist/tex/latex/amsmath/amsbsy.sty
Package: amsbsy 1999/11/29 v1.2d Bold Symbols
\pmbraise@=\dimen282
)
(c:/texlive/2022/texmf-dist/tex/latex/amsmath/amsopn.sty
Package: amsopn 2022/04/08 v2.04 operator names
)
\inf@bad=\count321
LaTeX Info: Redefining \frac on input line 234.
\uproot@=\count322
\leftroot@=\count323
LaTeX Info: Redefining \overline on input line 399.
LaTeX Info: Redefining \colon on input line 410.
\classnum@=\count324
\DOTSCASE@=\count325
LaTeX Info: Redefining \ldots on input line 496.
LaTeX Info: Redefining \dots on input line 499.
LaTeX Info: Redefining \cdots on input line 620.
\Mathstrutbox@=\box74
\strutbox@=\box75
LaTeX Info: Redefining \big on input line 722.
LaTeX Info: Redefining \Big on input line 723.
LaTeX Info: Redefining \bigg on input line 724.
LaTeX Info: Redefining \Bigg on input line 725.
\big@size=\dimen283
LaTeX Font Info:    Redeclaring font encoding OML on input line 743.
LaTeX Font Info:    Redeclaring font encoding OMS on input line 744.
\macc@depth=\count326
LaTeX Info: Redefining \bmod on input line 905.
LaTeX Info: Redefining \pmod on input line 910.
LaTeX Info: Redefining \smash on input line 940.
LaTeX Info: Redefining \relbar on input line 970.
LaTeX Info: Redefining \Relbar on input line 971.
\c@MaxMatrixCols=\count327
\dotsspace@=\muskip17
\c@parentequation=\count328
\dspbrk@lvl=\count329
\tag@help=\toks35
\row@=\count330
\column@=\count331
\maxfields@=\count332
\andhelp@=\toks36
\eqnshift@=\dimen284
\alignsep@=\dimen285
\tagshift@=\dimen286
\tagwidth@=\dimen287
\totwidth@=\dimen288
\lineht@=\dimen289
\@envbody=\toks37
\multlinegap=\skip59
\multlinetaggap=\skip60
\mathdisplay@stack=\toks38
LaTeX Info: Redefining \[ on input line 2953.
LaTeX Info: Redefining \] on input line 2954.
)
(c:/texlive/2022/texmf-dist/tex/latex/amscls/amsthm.sty
Package: amsthm 2020/05/29 v2.20.6
\thm@style=\toks39
\thm@bodyfont=\toks40
\thm@headfont=\toks41
\thm@notefont=\toks42
\thm@headpunct=\toks43
\thm@preskip=\skip61
\thm@postskip=\skip62
\thm@headsep=\skip63
\dth@everypar=\toks44
)
\c@theorem=\count333
)
(c:/texlive/2022/texmf-dist/tex/latex/beamer/beamerbasethemes.sty))
(c:/texlive/2022/texmf-dist/tex/latex/beamer/beamerthemedefault.sty
(c:/texlive/2022/texmf-dist/tex/latex/beamer/beamerfontthemedefault.sty)
(c:/texlive/2022/texmf-dist/tex/latex/beamer/beamercolorthemedefault.sty)
(c:/texlive/2022/texmf-dist/tex/latex/beamer/beamerinnerthemedefault.sty
\beamer@dima=\dimen290
\beamer@dimb=\dimen291
)
(c:/texlive/2022/texmf-dist/tex/latex/beamer/beamerouterthemedefault.sty)))
(c:/texlive/2022/texmf-dist/tex/latex/beamer/beamerthemeSingapore.sty
(c:/texlive/2022/texmf-dist/tex/latex/beamer/beamerouterthememiniframes.sty))
(c:/texlive/2022/texmf-dist/tex/latex/changepage/changepage.sty
Package: changepage 2009/10/20 v1.0c check page and change page layout
\c@cp@cntr=\count334
\cp@tempcnt=\count335
)
(c:/texlive/2022/texmf-dist/tex/latex/base/latexsym.sty
Package: latexsym 1998/08/17 v2.2e Standard LaTeX package (lasy symbols)
\symlasy=\mathgroup6
LaTeX Font Info:    Overwriting symbol font `lasy' in version `bold'
(Font)                  U/lasy/m/n --> U/lasy/b/n on input line 52.
)
(c:/texlive/2022/texmf-dist/tex/generic/dirtree/dirtree.sty
Package: dirtree 2012/12/11 v0.32 package wrapper for dirtree

(c:/texlive/2022/texmf-dist/tex/generic/dirtree/dirtree.tex
`dirtree' v0.32, 2012/12/11 (jcc)
\DT@offset=\dimen292
\DT@width=\dimen293
\DT@sep=\dimen294
\DT@all=\dimen295
\DT@rulewidth=\dimen296
\DT@dotwidth=\dimen297
\DTbaselineskip=\dimen298
\DT@counti=\count336
\DT@countii=\count337
\DT@countiii=\count338
\DT@countiv=\count339
\DT@indent=\dimen299
\DT@parskip=\dimen300
\DT@baselineskip=\dimen301
)
File: dirtree.tex 2012/12/11 v0.32 `dirtree' (jcc)
)
(c:/texlive/2022/texmf-dist/tex/latex/pgf/frontendlayer/tikz.sty
(c:/texlive/2022/texmf-dist/tex/latex/pgf/basiclayer/pgf.sty
Package: pgf 2021/05/15 v3.1.9a (3.1.9a)

(c:/texlive/2022/texmf-dist/tex/generic/pgf/modules/pgfmoduleshapes.code.tex
File: pgfmoduleshapes.code.tex 2021/05/15 v3.1.9a (3.1.9a)
\pgfnodeparttextbox=\box76
)
(c:/texlive/2022/texmf-dist/tex/generic/pgf/modules/pgfmoduleplot.code.tex
File: pgfmoduleplot.code.tex 2021/05/15 v3.1.9a (3.1.9a)
)
(c:/texlive/2022/texmf-dist/tex/latex/pgf/compatibility/pgfcomp-version-0-65.st
y
Package: pgfcomp-version-0-65 2021/05/15 v3.1.9a (3.1.9a)
\pgf@nodesepstart=\dimen302
\pgf@nodesepend=\dimen303
)
(c:/texlive/2022/texmf-dist/tex/latex/pgf/compatibility/pgfcomp-version-1-18.st
y
Package: pgfcomp-version-1-18 2021/05/15 v3.1.9a (3.1.9a)
)) (c:/texlive/2022/texmf-dist/tex/latex/pgf/utilities/pgffor.sty
(c:/texlive/2022/texmf-dist/tex/generic/pgf/utilities/pgffor.code.tex
Package: pgffor 2021/05/15 v3.1.9a (3.1.9a)

(c:/texlive/2022/texmf-dist/tex/generic/pgf/math/pgfmath.code.tex)
\pgffor@iter=\dimen304
\pgffor@skip=\dimen305
\pgffor@stack=\toks45
\pgffor@toks=\toks46
))
(c:/texlive/2022/texmf-dist/tex/generic/pgf/frontendlayer/tikz/tikz.code.tex
Package: tikz 2021/05/15 v3.1.9a (3.1.9a)

(c:/texlive/2022/texmf-dist/tex/generic/pgf/libraries/pgflibraryplothandlers.co
de.tex
File: pgflibraryplothandlers.code.tex 2021/05/15 v3.1.9a (3.1.9a)
\pgf@plot@mark@count=\count340
\pgfplotmarksize=\dimen306
)
\tikz@lastx=\dimen307
\tikz@lasty=\dimen308
\tikz@lastxsaved=\dimen309
\tikz@lastysaved=\dimen310
\tikz@lastmovetox=\dimen311
\tikz@lastmovetoy=\dimen312
\tikzleveldistance=\dimen313
\tikzsiblingdistance=\dimen314
\tikz@figbox=\box77
\tikz@figbox@bg=\box78
\tikz@tempbox=\box79
\tikz@tempbox@bg=\box80
\tikztreelevel=\count341
\tikznumberofchildren=\count342
\tikznumberofcurrentchild=\count343
\tikz@fig@count=\count344

(c:/texlive/2022/texmf-dist/tex/generic/pgf/modules/pgfmodulematrix.code.tex
File: pgfmodulematrix.code.tex 2021/05/15 v3.1.9a (3.1.9a)
\pgfmatrixcurrentrow=\count345
\pgfmatrixcurrentcolumn=\count346
\pgf@matrix@numberofcolumns=\count347
)
\tikz@expandcount=\count348

(c:/texlive/2022/texmf-dist/tex/generic/pgf/frontendlayer/tikz/libraries/tikzli
brarytopaths.code.tex
File: tikzlibrarytopaths.code.tex 2021/05/15 v3.1.9a (3.1.9a)
)))
(c:/texlive/2022/texmf-dist/tex/latex/fancyvrb/fancyvrb.sty
Package: fancyvrb 2022/06/06 4.5 verbatim text (tvz,hv)
\FV@CodeLineNo=\count349
\FV@InFile=\read3
\FV@TabBox=\box81
\c@FancyVerbLine=\count350
\FV@StepNumber=\count351
\FV@OutFile=\write5
)
(c:/texlive/2022/texmf-dist/tex/latex/fancybox/fancybox.sty
Package: fancybox 2010/05/15 1.4

Style option: `fancybox' v1.4 <2010/05/15> (tvz)
\@fancybox=\box82
\shadowsize=\dimen315
\@Sbox=\box83
\do@VerbBox=\toks47
\the@fancyput=\toks48
\this@fancyput=\toks49
\EndVerbatimTokens=\toks50
\Verbatim@Outfile=\write6
\Verbatim@Infile=\read4
) (c:/texlive/2022/texmf-dist/tex/latex/tcolorbox/tcolorbox.sty
Package: tcolorbox 2022/06/24 version 5.1.1 text color boxes

(c:/texlive/2022/texmf-dist/tex/latex/tools/verbatim.sty
Package: verbatim 2020-07-07 v1.5u LaTeX2e package for verbatim enhancements
\every@verbatim=\toks51
\verbatim@line=\toks52
\verbatim@in@stream=\read5
)
(c:/texlive/2022/texmf-dist/tex/latex/environ/environ.sty
Package: environ 2014/05/04 v0.3 A new way to define environments

(c:/texlive/2022/texmf-dist/tex/latex/trimspaces/trimspaces.sty
Package: trimspaces 2009/09/17 v1.1 Trim spaces around a token list
))
\tcb@titlebox=\box84
\tcb@upperbox=\box85
\tcb@lowerbox=\box86
\tcb@phantombox=\box87
\c@tcbbreakpart=\count352
\c@tcblayer=\count353
\c@tcolorbox@number=\count354
\tcb@temp=\box88
\tcb@temp=\box89
\tcb@temp=\box90
\tcb@temp=\box91

(c:/texlive/2022/texmf-dist/tex/latex/tcolorbox/tcblistings.code.tex
Library (tcolorbox): 'tcblistings.code.tex' version '5.1.1'
(c:/texlive/2022/texmf-dist/tex/latex/listings/listings.sty
\lst@mode=\count355
\lst@gtempboxa=\box92
\lst@token=\toks53
\lst@length=\count356
\lst@currlwidth=\dimen316
\lst@column=\count357
\lst@pos=\count358
\lst@lostspace=\dimen317
\lst@width=\dimen318
\lst@newlines=\count359
\lst@lineno=\count360
\lst@maxwidth=\dimen319

(c:/texlive/2022/texmf-dist/tex/latex/listings/lstmisc.sty
File: lstmisc.sty 2020/03/24 1.8d (Carsten Heinz)
\c@lstnumber=\count361
\lst@skipnumbers=\count362
\lst@framebox=\box93
)
(c:/texlive/2022/texmf-dist/tex/latex/listings/listings.cfg
File: listings.cfg 2020/03/24 1.8d listings configuration
))
Package: listings 2020/03/24 1.8d (Carsten Heinz)

(c:/texlive/2022/texmf-dist/tex/latex/tcolorbox/tcblistingscore.code.tex
Library (tcolorbox): 'tcblistingscore.code.tex' version '5.1.1'
(c:/texlive/2022/texmf-dist/tex/latex/tcolorbox/tcbprocessing.code.tex
Library (tcolorbox): 'tcbprocessing.code.tex' version '5.1.1'
(c:/texlive/2022/texmf-dist/tex/latex/tools/shellesc.sty
Package: shellesc 2019/11/08 v1.0c unified shell escape interface for LaTeX
Package shellesc Info: Restricted shell escape enabled on input line 77.
))
\c@tcblisting=\count363
)))
(c:/texlive/2022/texmf-dist/tex/latex/listings/lstlang1.sty
File: lstlang1.sty 2020/03/24 1.8d listings language file
)
(c:/texlive/2022/texmf-dist/tex/latex/l3backend/l3backend-pdftex.def
File: l3backend-pdftex.def 2022-08-30 L3 backend support: PDF output (pdfTeX)
\l__color_backend_stack_int=\count364
\l__pdf_internal_box=\box94
)
(./intro2rchap03.aux)
\openout1 = `intro2rchap03.aux'.

LaTeX Font Info:    Checking defaults for OML/cmm/m/it on input line 77.
LaTeX Font Info:    ... okay on input line 77.
LaTeX Font Info:    Checking defaults for OMS/cmsy/m/n on input line 77.
LaTeX Font Info:    ... okay on input line 77.
LaTeX Font Info:    Checking defaults for OT1/cmr/m/n on input line 77.
LaTeX Font Info:    ... okay on input line 77.
LaTeX Font Info:    Checking defaults for T1/cmr/m/n on input line 77.
LaTeX Font Info:    ... okay on input line 77.
LaTeX Font Info:    Checking defaults for TS1/cmr/m/n on input line 77.
LaTeX Font Info:    ... okay on input line 77.
LaTeX Font Info:    Checking defaults for OMX/cmex/m/n on input line 77.
LaTeX Font Info:    ... okay on input line 77.
LaTeX Font Info:    Checking defaults for U/cmr/m/n on input line 77.
LaTeX Font Info:    ... okay on input line 77.
LaTeX Font Info:    Checking defaults for PD1/pdf/m/n on input line 77.
LaTeX Font Info:    ... okay on input line 77.
LaTeX Font Info:    Checking defaults for PU/pdf/m/n on input line 77.
LaTeX Font Info:    ... okay on input line 77.

*geometry* driver: auto-detecting
*geometry* detected driver: pdftex
*geometry* verbose mode - [ preamble ] result:
* driver: pdftex
* paper: custom
* layout: <same size as paper>
* layoutoffset:(h,v)=(0.0pt,0.0pt)
* modes: includehead includefoot 
* h-part:(L,W,R)=(28.45274pt, 307.28987pt, 28.45274pt)
* v-part:(T,H,B)=(0.0pt, 273.14662pt, 0.0pt)
* \paperwidth=364.19536pt
* \paperheight=273.14662pt
* \textwidth=307.28987pt
* \textheight=244.6939pt
* \oddsidemargin=-43.81725pt
* \evensidemargin=-43.81725pt
* \topmargin=-72.26999pt
* \headheight=14.22636pt
* \headsep=0.0pt
* \topskip=11.0pt
* \footskip=14.22636pt
* \marginparwidth=4.0pt
* \marginparsep=10.0pt
* \columnsep=10.0pt
* \skip\footins=10.0pt plus 4.0pt minus 2.0pt
* \hoffset=0.0pt
* \voffset=0.0pt
* \mag=1000
* \@twocolumnfalse
* \@twosidefalse
* \@mparswitchfalse
* \@reversemarginfalse
* (1in=72.27pt=25.4mm, 1cm=28.453pt)

(c:/texlive/2022/texmf-dist/tex/context/base/mkii/supp-pdf.mkii
[Loading MPS to PDF converter (version 2006.09.02).]
\scratchcounter=\count365
\scratchdimen=\dimen320
\scratchbox=\box95
\nofMPsegments=\count366
\nofMParguments=\count367
\everyMPshowfont=\toks54
\MPscratchCnt=\count368
\MPscratchDim=\dimen321
\MPnumerator=\count369
\makeMPintoPDFobject=\count370
\everyMPtoPDFconversion=\toks55
) (c:/texlive/2022/texmf-dist/tex/latex/epstopdf-pkg/epstopdf-base.sty
Package: epstopdf-base 2020-01-24 v2.11 Base part for package epstopdf
Package epstopdf-base Info: Redefining graphics rule for `.eps' on input line 4
85.

(c:/texlive/2022/texmf-dist/tex/latex/latexconfig/epstopdf-sys.cfg
File: epstopdf-sys.cfg 2010/07/13 v1.3 Configuration of (r)epstopdf for TeX Liv
e
))
Package hyperref Info: Link coloring OFF on input line 77.

(./intro2rchap03.out) (./intro2rchap03.out)
\@outlinefile=\write7
\openout7 = `intro2rchap03.out'.

LaTeX Font Info:    Overwriting symbol font `operators' in version `normal'
(Font)                  OT1/cmr/m/n --> OT1/cmss/m/n on input line 77.
LaTeX Font Info:    Overwriting symbol font `operators' in version `bold'
(Font)                  OT1/cmr/bx/n --> OT1/cmss/b/n on input line 77.
\symnumbers=\mathgroup7
\sympureletters=\mathgroup8
LaTeX Font Info:    Overwriting math alphabet `\mathrm' in version `normal'
(Font)                  OT1/cmss/m/n --> OT1/cmr/m/n on input line 77.
LaTeX Font Info:    Redeclaring math alphabet \mathbf on input line 77.
LaTeX Font Info:    Overwriting math alphabet `\mathbf' in version `normal'
(Font)                  OT1/cmr/bx/n --> OT1/cmss/b/n on input line 77.
LaTeX Font Info:    Overwriting math alphabet `\mathbf' in version `bold'
(Font)                  OT1/cmr/bx/n --> OT1/cmss/b/n on input line 77.
LaTeX Font Info:    Redeclaring math alphabet \mathsf on input line 77.
LaTeX Font Info:    Overwriting math alphabet `\mathsf' in version `normal'
(Font)                  OT1/cmss/m/n --> OT1/cmss/m/n on input line 77.
LaTeX Font Info:    Overwriting math alphabet `\mathsf' in version `bold'
(Font)                  OT1/cmss/bx/n --> OT1/cmss/m/n on input line 77.
LaTeX Font Info:    Redeclaring math alphabet \mathit on input line 77.
LaTeX Font Info:    Overwriting math alphabet `\mathit' in version `normal'
(Font)                  OT1/cmr/m/it --> OT1/cmss/m/it on input line 77.
LaTeX Font Info:    Overwriting math alphabet `\mathit' in version `bold'
(Font)                  OT1/cmr/bx/it --> OT1/cmss/m/it on input line 77.
LaTeX Font Info:    Redeclaring math alphabet \mathtt on input line 77.
LaTeX Font Info:    Overwriting math alphabet `\mathtt' in version `normal'
(Font)                  OT1/cmtt/m/n --> OT1/cmtt/m/n on input line 77.
LaTeX Font Info:    Overwriting math alphabet `\mathtt' in version `bold'
(Font)                  OT1/cmtt/m/n --> OT1/cmtt/m/n on input line 77.
LaTeX Font Info:    Overwriting symbol font `numbers' in version `bold'
(Font)                  OT1/cmss/m/n --> OT1/cmss/b/n on input line 77.
LaTeX Font Info:    Overwriting symbol font `pureletters' in version `bold'
(Font)                  OT1/cmss/m/it --> OT1/cmss/b/it on input line 77.
LaTeX Font Info:    Overwriting math alphabet `\mathrm' in version `bold'
(Font)                  OT1/cmss/b/n --> OT1/cmr/b/n on input line 77.
LaTeX Font Info:    Overwriting math alphabet `\mathbf' in version `bold'
(Font)                  OT1/cmss/b/n --> OT1/cmss/b/n on input line 77.
LaTeX Font Info:    Overwriting math alphabet `\mathsf' in version `bold'
(Font)                  OT1/cmss/m/n --> OT1/cmss/b/n on input line 77.
LaTeX Font Info:    Overwriting math alphabet `\mathit' in version `bold'
(Font)                  OT1/cmss/m/it --> OT1/cmss/b/it on input line 77.
LaTeX Font Info:    Overwriting math alphabet `\mathtt' in version `bold'
(Font)                  OT1/cmtt/m/n --> OT1/cmtt/b/n on input line 77.
LaTeX Font Info:    Redeclaring symbol font `pureletters' on input line 77.
LaTeX Font Info:    Overwriting symbol font `pureletters' in version `normal'
(Font)                  OT1/cmss/m/it --> OT1/mathkerncmss/m/sl on input line 7
7.
LaTeX Font Info:    Overwriting symbol font `pureletters' in version `bold'
(Font)                  OT1/cmss/b/it --> OT1/mathkerncmss/m/sl on input line 7
7.
LaTeX Font Info:    Overwriting symbol font `pureletters' in version `bold'
(Font)                  OT1/mathkerncmss/m/sl --> OT1/mathkerncmss/bx/sl on inp
ut line 77.

(c:/texlive/2022/texmf-dist/tex/latex/translator/translator-basic-dictionary-En
glish.dict
Dictionary: translator-basic-dictionary, Language: English 
)
(c:/texlive/2022/texmf-dist/tex/latex/translator/translator-bibliography-dictio
nary-English.dict
Dictionary: translator-bibliography-dictionary, Language: English 
)
(c:/texlive/2022/texmf-dist/tex/latex/translator/translator-environment-diction
ary-English.dict
Dictionary: translator-environment-dictionary, Language: English 
)
(c:/texlive/2022/texmf-dist/tex/latex/translator/translator-months-dictionary-E
nglish.dict
Dictionary: translator-months-dictionary, Language: English 
)
(c:/texlive/2022/texmf-dist/tex/latex/translator/translator-numbers-dictionary-
English.dict
Dictionary: translator-numbers-dictionary, Language: English 
)
(c:/texlive/2022/texmf-dist/tex/latex/translator/translator-theorem-dictionary-
English.dict
Dictionary: translator-theorem-dictionary, Language: English 
)
\c@lstlisting=\count371
 (./intro2rchap03.nav) [1

{c:/texlive/2022/texmf-var/fonts/map/pdftex/updmap/pdftex.map}]
\openout4 = `intro2rchap03.vrb'.

 (./intro2rchap03.vrb) [2

]
\openout4 = `intro2rchap03.vrb'.

 (./intro2rchap03.vrb) [3

]
\openout4 = `intro2rchap03.vrb'.


(./intro2rchap03.vrb) [4

]
\openout4 = `intro2rchap03.vrb'.

 (./intro2rchap03.vrb) [5

]
\openout4 = `intro2rchap03.vrb'.

 (./intro2rchap03.vrb
LaTeX Font Info:    Trying to load font information for U+msa on input line 5.

(c:/texlive/2022/texmf-dist/tex/latex/amsfonts/umsa.fd
File: umsa.fd 2013/01/14 v3.01 AMS symbols A
)
LaTeX Font Info:    Trying to load font information for U+msb on input line 5.

(c:/texlive/2022/texmf-dist/tex/latex/amsfonts/umsb.fd
File: umsb.fd 2013/01/14 v3.01 AMS symbols B
)
LaTeX Font Info:    Trying to load font information for U+lasy on input line 5.


(c:/texlive/2022/texmf-dist/tex/latex/base/ulasy.fd
File: ulasy.fd 1998/08/17 v2.2e LaTeX symbol font definitions
)
LaTeX Font Info:    Trying to load font information for OT1+mathkerncmss on inp
ut line 5.

(c:/texlive/2022/texmf-dist/tex/latex/sansmathaccent/ot1mathkerncmss.fd
File: ot1mathkerncmss.fd 2020/01/31 Fontinst v1.933 font definitions for OT1/ma
thkerncmss.
)
<scal_vec.png, id=147, 1130.2225pt x 1049.9225pt>
File: scal_vec.png Graphic file (type png)
<use scal_vec.png>
Package pdftex.def Info: scal_vec.png  used on input line 11.
(pdftex.def)             Requested size: 122.91406pt x 114.17815pt.
)
[6

 <./scal_vec.png>]
\openout4 = `intro2rchap03.vrb'.

 (./intro2rchap03.vrb
<mat_array.png, id=176, 1890.06125pt x 1211.52625pt>
File: mat_array.png Graphic file (type png)
<use mat_array.png>
Package pdftex.def Info: mat_array.png  used on input line 11.
(pdftex.def)             Requested size: 122.91406pt x 78.77045pt.
) [7

 <./mat_array.png>]
\openout4 = `intro2rchap03.vrb'.


(./intro2rchap03.vrb) [8

]
\openout4 = `intro2rchap03.vrb'.

 (./intro2rchap03.vrb) [9

]
\openout4 = `intro2rchap03.vrb'.

 (./intro2rchap03.vrb)
[10

]
\openout4 = `intro2rchap03.vrb'.

 (./intro2rchap03.vrb) [11

]
\openout4 = `intro2rchap03.vrb'.

 (./intro2rchap03.vrb) [12

]
\openout4 = `intro2rchap03.vrb'.

 (./intro2rchap03.vrb) [13

]
\openout4 = `intro2rchap03.vrb'.

 (./intro2rchap03.vrb) [14

]
\openout4 = `intro2rchap03.vrb'.

 (./intro2rchap03.vrb) [15

]
\openout4 = `intro2rchap03.vrb'.


(./intro2rchap03.vrb) [16

]
\openout4 = `intro2rchap03.vrb'.

 (./intro2rchap03.vrb) [17

]
\openout4 = `intro2rchap03.vrb'.

 (./intro2rchap03.vrb)
Overfull \vbox (5.27805pt too high) detected at line 414
 []

[18

]
\openout4 = `intro2rchap03.vrb'.

 (./intro2rchap03.vrb) [19

]
\openout4 = `intro2rchap03.vrb'.

 (./intro2rchap03.vrb) [20

]
\openout4 = `intro2rchap03.vrb'.

 (./intro2rchap03.vrb
Overfull \hbox (2.45743pt too wide) in paragraph at lines 10--10
[]\OT1/cmtt/m/n/10 ##  $ names : chr  "Joanna" "Charlotte" "Helen" "Karen" ...[
] 
 []

) [21

]
\openout4 = `intro2rchap03.vrb'.

 (./intro2rchap03.vrb) [22

]
\openout4 = `intro2rchap03.vrb'.

 (./intro2rchap03.vrb
<libre_off.png, id=589, 935.495pt x 605.26125pt>
File: libre_off.png Graphic file (type png)
<use libre_off.png>
Package pdftex.def Info: libre_off.png  used on input line 13.
(pdftex.def)             Requested size: 122.91406pt x 79.51791pt.
) [23

 <./libre_off.png>]
\openout4 = `intro2rchap03.vrb'.


(./intro2rchap03.vrb) [24

]
\openout4 = `intro2rchap03.vrb'.

 (./intro2rchap03.vrb
Overfull \hbox (70.70683pt too wide) in paragraph at lines 5--5
[]  \OT1/cmtt/m/n/10 $ treat    : Factor w/ 2 levels "notip","tip": 2 2 2 2 2 2
 2 2 2 2 ...[] 
 []


Overfull \hbox (112.70647pt too wide) in paragraph at lines 6--6
[]  \OT1/cmtt/m/n/10 $ nitrogen : Factor w/ 3 levels "high","low","medium": 3 3
 3 3 3 3 3 3 3 3 ...[] 
 []


Overfull \hbox (54.95697pt too wide) in paragraph at lines 8--8
[]  \OT1/cmtt/m/n/10 $ height   : num  7.5 10.7 11.2 10.4 10.4 9.8 6.9 9.4 10.4
 12.3 ...[] 
 []


Overfull \hbox (60.20692pt too wide) in paragraph at lines 10--10
[]  \OT1/cmtt/m/n/10 $ leafarea : num  11.7 14.1 7.1 11.9 14.5 12.2 13.2 14 10.
5 16.1 ...[] 
 []


Overfull \hbox (65.45688pt too wide) in paragraph at lines 11--11
[]  \OT1/cmtt/m/n/10 $ shootarea: num  31.9 46 66.7 20.3 26.9 72.7 43.1 28.5 57
.8 36.9 ...[] 
 []

) [25

]
\openout4 = `intro2rchap03.vrb'.

 (./intro2rchap03.vrb) [26

]
\openout4 = `intro2rchap03.vrb'.

 (./intro2rchap03.vrb) [27

]
\openout4 = `intro2rchap03.vrb'.


(./intro2rchap03.vrb) [28

]
\openout4 = `intro2rchap03.vrb'.

 (./intro2rchap03.vrb) [29

]
\openout4 = `intro2rchap03.vrb'.

 (./intro2rchap03.vrb)
[30

]
\openout4 = `intro2rchap03.vrb'.

 (./intro2rchap03.vrb) [31

]
\openout4 = `intro2rchap03.vrb'.

 (./intro2rchap03.vrb
Overfull \hbox (81.20674pt too wide) in paragraph at lines 3--3
[]\OT1/cmtt/m/n/10 flowers <- read.table(file = 'data/flower.txt', header = TRU
E, sep = "\t")[] 
 []


Overfull \hbox (12.95734pt too wide) in paragraph at lines 7--7
[]\OT1/cmtt/m/n/10 ##  $ nitrogen : chr  "medium" "medium" "medium" "medium" ..
.[] 
 []


Overfull \hbox (65.45688pt too wide) in paragraph at lines 9--9
[]\OT1/cmtt/m/n/10 ##  $ height   : num  7.5 10.7 11.2 10.4 10.4 9.8 6.9 9.4 10
.4 12.3 ...[] 
 []


Overfull \hbox (70.70683pt too wide) in paragraph at lines 11--11
[]\OT1/cmtt/m/n/10 ##  $ leafarea : num  11.7 14.1 7.1 11.9 14.5 12.2 13.2 14 1
0.5 16.1 ...[] 
 []


Overfull \hbox (75.95679pt too wide) in paragraph at lines 12--12
[]\OT1/cmtt/m/n/10 ##  $ shootarea: num  31.9 46 66.7 20.3 26.9 72.7 43.1 28.5 
57.8 36.9 ...[] 
 []

) [32

]
\openout4 = `intro2rchap03.vrb'.

 (./intro2rchap03.vrb)
LaTeX Font Info:    Trying to load font information for TS1+cmss on input line 
714.

(c:/texlive/2022/texmf-dist/tex/latex/base/ts1cmss.fd
File: ts1cmss.fd 2019/12/16 v2.5j Standard LaTeX font definitions
) [33

]
\openout4 = `intro2rchap03.vrb'.


(./intro2rchap03.vrb) [34

]
\openout4 = `intro2rchap03.vrb'.

 (./intro2rchap03.vrb) [35

]
\openout4 = `intro2rchap03.vrb'.

 (./intro2rchap03.vrb)
[36

]
\openout4 = `intro2rchap03.vrb'.

 (./intro2rchap03.vrb
Overfull \hbox (39.2071pt too wide) in paragraph at lines 5--5
[]\OT1/cmtt/m/n/10 ##   treat nitrogen block height weight leafarea shootarea f
lowers[] 
 []


Overfull \hbox (39.2071pt too wide) in paragraph at lines 6--6
[]\OT1/cmtt/m/n/10 ## 1   tip   medium     1    7.5   7.62     11.7      31.9  
     1[] 
 []


Overfull \hbox (39.2071pt too wide) in paragraph at lines 7--7
[]\OT1/cmtt/m/n/10 ## 2   tip   medium     1   10.7  12.14     14.1      46.0  
    10[] 
 []


Overfull \hbox (39.2071pt too wide) in paragraph at lines 8--8
[]\OT1/cmtt/m/n/10 ## 3   tip   medium     1   11.2  12.76      7.1      66.7  
    10[] 
 []


Overfull \hbox (39.2071pt too wide) in paragraph at lines 9--9
[]\OT1/cmtt/m/n/10 ## 4   tip   medium     1   10.4   8.78     11.9      20.3  
     1[] 
 []


Overfull \hbox (39.2071pt too wide) in paragraph at lines 10--10
[]\OT1/cmtt/m/n/10 ## 5   tip   medium     1   10.4  13.58     14.5      26.9  
     4[] 
 []


Overfull \hbox (39.2071pt too wide) in paragraph at lines 11--11
[]\OT1/cmtt/m/n/10 ## 6   tip   medium     1    9.8  10.08     12.2      72.7  
     9[] 
 []


Overfull \hbox (39.2071pt too wide) in paragraph at lines 12--12
[]\OT1/cmtt/m/n/10 ## 7   tip   medium     1    6.9  10.11     13.2      43.1  
     7[] 
 []


Overfull \hbox (39.2071pt too wide) in paragraph at lines 13--13
[]\OT1/cmtt/m/n/10 ## 8   tip   medium     1    9.4  10.28     14.0      28.5  
     6[] 
 []

) [37

]
\openout4 = `intro2rchap03.vrb'.

 (./intro2rchap03.vrb) [38

]
\openout4 = `intro2rchap03.vrb'.

 (./intro2rchap03.vrb) [39

]
\openout4 = `intro2rchap03.vrb'.


(./intro2rchap03.vrb
Overfull \hbox (44.45706pt too wide) in paragraph at lines 6--6
[]\OT1/cmtt/m/n/10 ##    treat nitrogen block height weight leafarea shootarea 
flowers[] 
 []


Overfull \hbox (44.45706pt too wide) in paragraph at lines 7--7
[]\OT1/cmtt/m/n/10 ## 10   tip   medium     2   12.3  13.48     16.1      36.9 
      8[] 
 []


Overfull \hbox (44.45706pt too wide) in paragraph at lines 8--8
[]\OT1/cmtt/m/n/10 ## 17   tip     high     1   12.6  18.66     18.6      54.0 
      9[] 
 []


Overfull \hbox (44.45706pt too wide) in paragraph at lines 9--9
[]\OT1/cmtt/m/n/10 ## 21   tip     high     1   14.1  19.12     13.1     113.2 
     13[] 
 []


Overfull \hbox (44.45706pt too wide) in paragraph at lines 10--10
[]\OT1/cmtt/m/n/10 ## 32   tip     high     2   17.2  19.20     10.9      89.9 
     14[] 
 []


Overfull \hbox (44.45706pt too wide) in paragraph at lines 11--11
[]\OT1/cmtt/m/n/10 ## 38   tip      low     1   12.3  11.27     13.7      28.7 
      5[] 
 []

) [40

]
\openout4 = `intro2rchap03.vrb'.

 (./intro2rchap03.vrb
Overfull \hbox (44.45706pt too wide) in paragraph at lines 6--6
[]\OT1/cmtt/m/n/10 ##    treat nitrogen block height weight leafarea shootarea 
flowers[] 
 []


Overfull \hbox (44.45706pt too wide) in paragraph at lines 7--7
[]\OT1/cmtt/m/n/10 ## 17   tip     high     1   12.6  18.66     18.6      54.0 
      9[] 
 []


Overfull \hbox (44.45706pt too wide) in paragraph at lines 8--8
[]\OT1/cmtt/m/n/10 ## 18   tip     high     1   10.0  18.07     16.9      90.5 
      3[] 
 []


Overfull \hbox (44.45706pt too wide) in paragraph at lines 9--9
[]\OT1/cmtt/m/n/10 ## 19   tip     high     1   10.0  13.29     15.8     142.7 
     12[] 
 []


Overfull \hbox (44.45706pt too wide) in paragraph at lines 10--10
[]\OT1/cmtt/m/n/10 ## 20   tip     high     1    8.5  14.33     13.2      91.4 
      5[] 
 []


Overfull \hbox (44.45706pt too wide) in paragraph at lines 11--11
[]\OT1/cmtt/m/n/10 ## 21   tip     high     1   14.1  19.12     13.1     113.2 
     13[] 
 []


Overfull \hbox (44.45706pt too wide) in paragraph at lines 12--12
[]\OT1/cmtt/m/n/10 ## 22   tip     high     1   10.1  15.49     12.6      77.2 
     12[] 
 []

) [41

]
\openout4 = `intro2rchap03.vrb'.

 (./intro2rchap03.vrb
Overfull \hbox (44.45706pt too wide) in paragraph at lines 8--8
[]\OT1/cmtt/m/n/10 ##    treat nitrogen block height weight leafarea shootarea 
flowers[] 
 []


Overfull \hbox (44.45706pt too wide) in paragraph at lines 9--9
[]\OT1/cmtt/m/n/10 ## 51 notip   medium     1    7.5  13.60     13.6     122.2 
     11[] 
 []


Overfull \hbox (44.45706pt too wide) in paragraph at lines 10--10
[]\OT1/cmtt/m/n/10 ## 54 notip   medium     1    8.5  10.04     12.3     113.6 
      4[] 
 []


Overfull \hbox (44.45706pt too wide) in paragraph at lines 11--11
[]\OT1/cmtt/m/n/10 ## 61 notip   medium     2    8.0  11.43     12.6      43.2 
     14[] 
 []

) [42

]
\openout4 = `intro2rchap03.vrb'.

 (./intro2rchap03.vrb) [43

]
\openout4 = `intro2rchap03.vrb'.

 (./intro2rchap03.vrb
Overfull \hbox (44.45706pt too wide) in paragraph at lines 8--8
[]\OT1/cmtt/m/n/10 ##    treat nitrogen block height weight leafarea shootarea 
flowers[] 
 []


Overfull \hbox (44.45706pt too wide) in paragraph at lines 9--9
[]\OT1/cmtt/m/n/10 ## 9    tip   medium     2   10.4  10.48     10.5      57.8 
      5[] 
 []


Overfull \hbox (44.45706pt too wide) in paragraph at lines 10--10
[]\OT1/cmtt/m/n/10 ## 10   tip   medium     2   12.3  13.48     16.1      36.9 
      8[] 
 []


Overfull \hbox (44.45706pt too wide) in paragraph at lines 11--11
[]\OT1/cmtt/m/n/10 ## 11   tip   medium     2   10.4  13.18     11.1      56.8 
     12[] 
 []


Overfull \hbox (44.45706pt too wide) in paragraph at lines 12--12
[]\OT1/cmtt/m/n/10 ## 12   tip   medium     2   11.0  11.56     12.6      31.3 
      6[] 
 []


Overfull \hbox (44.45706pt too wide) in paragraph at lines 13--13
[]\OT1/cmtt/m/n/10 ## 13   tip   medium     2    7.1   8.16     29.6       9.7 
      2[] 
 []


Overfull \hbox (44.45706pt too wide) in paragraph at lines 14--14
[]\OT1/cmtt/m/n/10 ## 14   tip   medium     2    6.0  11.22     13.0      16.4 
      3[] 
 []


Overfull \hbox (44.45706pt too wide) in paragraph at lines 15--15
[]\OT1/cmtt/m/n/10 ## 15   tip   medium     2    9.0  10.20     10.8      90.1 
      6[] 
 []


Overfull \hbox (44.45706pt too wide) in paragraph at lines 16--16
[]\OT1/cmtt/m/n/10 ## 16   tip   medium     2    4.5  12.55     13.4      14.4 
      6[] 
 []

) [44

]
\openout4 = `intro2rchap03.vrb'.

 (./intro2rchap03.vrb
Overfull \hbox (2.45743pt too wide) in paragraph at lines 8--8
[]               \OT1/cmtt/m/n/10 select = c("treat", "nitrogen", "leafarea"))[
] 
 []

) [45

]
\openout4 = `intro2rchap03.vrb'.

 (./intro2rchap03.vrb
Overfull \hbox (44.45706pt too wide) in paragraph at lines 5--5
[]\OT1/cmtt/m/n/10 ##    treat nitrogen block height weight leafarea shootarea 
flowers[] 
 []


Overfull \hbox (44.45706pt too wide) in paragraph at lines 6--6
[]\OT1/cmtt/m/n/10 ## 68 notip     high     1    1.2  18.24     16.6     148.1 
      7[] 
 []


Overfull \hbox (44.45706pt too wide) in paragraph at lines 7--7
[]\OT1/cmtt/m/n/10 ## 62 notip   medium     2    1.8  10.47     11.8     120.8 
      9[] 
 []


Overfull \hbox (44.45706pt too wide) in paragraph at lines 8--8
[]\OT1/cmtt/m/n/10 ## 86 notip      low     1    1.8   6.01     17.6      46.2 
      4[] 
 []


Overfull \hbox (44.45706pt too wide) in paragraph at lines 9--9
[]\OT1/cmtt/m/n/10 ## 72 notip     high     1    2.1  19.15     15.6     176.7 
      6[] 
 []


Overfull \hbox (44.45706pt too wide) in paragraph at lines 10--10
[]\OT1/cmtt/m/n/10 ## 63 notip   medium     2    2.2  10.70     15.3      97.1 
      7[] 
 []


Overfull \hbox (44.45706pt too wide) in paragraph at lines 11--11
[]\OT1/cmtt/m/n/10 ## 84 notip      low     1    2.2   9.97      9.6      63.1 
      2[] 
 []


Overfull \hbox (44.45706pt too wide) in paragraph at lines 12--12
[]\OT1/cmtt/m/n/10 ## 82 notip      low     1    2.3   7.28     13.8      32.8 
      6[] 
 []


Overfull \hbox (44.45706pt too wide) in paragraph at lines 13--13
[]\OT1/cmtt/m/n/10 ## 89 notip      low     2    2.4   9.10     14.5      78.7 
      8[] 
 []


Overfull \hbox (44.45706pt too wide) in paragraph at lines 14--14
[]\OT1/cmtt/m/n/10 ## 56 notip   medium     1    2.5  14.85     17.5      77.8 
     10[] 
 []


Overfull \hbox (44.45706pt too wide) in paragraph at lines 15--15
[]\OT1/cmtt/m/n/10 ## 69 notip     high     1    2.6  16.57     17.1     141.1 
      3[] 
 []


Overfull \hbox (44.45706pt too wide) in paragraph at lines 16--16
[]\OT1/cmtt/m/n/10 ## 76 notip     high     2    2.6  18.88     16.4     181.5 
     14[] 
 []


Overfull \hbox (44.45706pt too wide) in paragraph at lines 17--17
[]\OT1/cmtt/m/n/10 ## 87 notip      low     1    3.0   9.93     12.0      56.6 
      6[] 
 []


Overfull \hbox (44.45706pt too wide) in paragraph at lines 18--18
[]\OT1/cmtt/m/n/10 ## 42   tip      low     2    3.1   8.74     16.1      39.1 
      3[] 
 []

) [46

]
\openout4 = `intro2rchap03.vrb'.

 (./intro2rchap03.vrb
Overfull \hbox (54.95697pt too wide) in paragraph at lines 3--3
[]\OT1/cmtt/m/n/10 leafarea_ord <- flowers[order(flowers$leafarea, decreasing =
 TRUE), ][] 
 []


Overfull \hbox (44.45706pt too wide) in paragraph at lines 5--5
[]\OT1/cmtt/m/n/10 ##    treat nitrogen block height weight leafarea shootarea 
flowers[] 
 []


Overfull \hbox (44.45706pt too wide) in paragraph at lines 6--6
[]\OT1/cmtt/m/n/10 ## 70 notip     high     1   10.9  17.22     49.2     189.6 
     17[] 
 []


Overfull \hbox (44.45706pt too wide) in paragraph at lines 7--7
[]\OT1/cmtt/m/n/10 ## 13   tip   medium     2    7.1   8.16     29.6       9.7 
      2[] 
 []


Overfull \hbox (44.45706pt too wide) in paragraph at lines 8--8
[]\OT1/cmtt/m/n/10 ## 24   tip     high     1    6.5  17.13     24.1     147.4 
      6[] 
 []


Overfull \hbox (44.45706pt too wide) in paragraph at lines 9--9
[]\OT1/cmtt/m/n/10 ## 65 notip     high     1    8.5  22.53     20.8     166.9 
     16[] 
 []


Overfull \hbox (44.45706pt too wide) in paragraph at lines 10--10
[]\OT1/cmtt/m/n/10 ## 23   tip     high     1    8.5  17.82     20.5      54.4 
      3[] 
 []


Overfull \hbox (44.45706pt too wide) in paragraph at lines 11--11
[]\OT1/cmtt/m/n/10 ## 66 notip     high     1    8.5  17.33     19.8     184.4 
     12[] 
 []


Overfull \hbox (44.45706pt too wide) in paragraph at lines 12--12
[]\OT1/cmtt/m/n/10 ## 73 notip     high     2    4.7  13.42     19.8     124.7 
      5[] 
 []


Overfull \hbox (44.45706pt too wide) in paragraph at lines 13--13
[]\OT1/cmtt/m/n/10 ## 80 notip     high     2    5.2  17.70     19.1     181.1 
      8[] 
 []


Overfull \hbox (44.45706pt too wide) in paragraph at lines 14--14
[]\OT1/cmtt/m/n/10 ## 17   tip     high     1   12.6  18.66     18.6      54.0 
      9[] 
 []


Overfull \hbox (44.45706pt too wide) in paragraph at lines 15--15
[]\OT1/cmtt/m/n/10 ## 49 notip   medium     1    5.6  11.03     18.6      49.9 
      8[] 
 []


Overfull \hbox (44.45706pt too wide) in paragraph at lines 16--16
[]\OT1/cmtt/m/n/10 ## 78 notip     high     2    9.3  18.75     18.4     181.1 
     16[] 
 []

) [47

]
\openout4 = `intro2rchap03.vrb'.

 (./intro2rchap03.vrb) [48

]
\openout4 = `intro2rchap03.vrb'.

 (./intro2rchap03.vrb) [49

]
\openout4 = `intro2rchap03.vrb'.


(./intro2rchap03.vrb
Overfull \hbox (11.4647pt too wide) in paragraph at lines 4--4
[]\OT1/cmtt/m/n/8 revheight_ord <- flowers[order(-xtfrm(flowers$nitrogen), flow
ers$height), ][] 
 []

)
Overfull \vbox (2.48936pt too high) detected at line 1067
 []

[50

]
\openout4 = `intro2rchap03.vrb'.

 (./intro2rchap03.vrb)
Overfull \vbox (2.48936pt too high) detected at line 1098
 []

[51

]
\openout4 = `intro2rchap03.vrb'.

 (./intro2rchap03.vrb
Overfull \hbox (2.45743pt too wide) in paragraph at lines 4--4
[]\OT1/cmtt/m/n/10 df1 <- data.frame(id = 1:4, height = c(120, 150, 132, 122),[
] 
 []

) [52

]
\openout4 = `intro2rchap03.vrb'.

 (./intro2rchap03.vrb) [53

]
\openout4 = `intro2rchap03.vrb'.

 (./intro2rchap03.vrb
Overfull \hbox (2.45743pt too wide) in paragraph at lines 3--3
[]\OT1/cmtt/m/n/10 df3 <- data.frame(id = 1:4, height = c(120, 150, 132, 122),[
] 
 []

) [54

]
\openout4 = `intro2rchap03.vrb'.

 (./intro2rchap03.vrb) [55

]
\openout4 = `intro2rchap03.vrb'.

 (./intro2rchap03.vrb) [56

]
\openout4 = `intro2rchap03.vrb'.


(./intro2rchap03.vrb
Overfull \hbox (60.20692pt too wide) in paragraph at lines 19--19
[]\OT1/cmtt/m/n/10 ##  $ Fid         : Factor w/ 6 levels "1","2","3","4",..: 1
 2 3 4 5 6[] 
 []

) [57

]
\openout4 = `intro2rchap03.vrb'.

 (./intro2rchap03.vrb) [58

]
\openout4 = `intro2rchap03.vrb'.

 (./intro2rchap03.vrb
Overfull \hbox (7.21465pt too wide) in paragraph at lines 5--5
[]         \OT1/cmtt/m/n/8 GENUS = c("Patella", "Littorina", "Halichondria", "S
emibalanus"),[] 
 []


Overfull \hbox (70.96556pt too wide) in paragraph at lines 7--7
[]         \OT1/cmtt/m/n/8 family = c("patellidae", "Littorinidae", "Halichondr
iidae", "Archaeobalanidae"))[] 
 []


Overfull \hbox (87.9658pt too wide) in paragraph at lines 16--16
[]    \OT1/cmtt/m/n/8 genus = c("Laminaria", "Halichondria", "Xanthoria", "Litt
orina", "Semibalanus", "Fucus"),[] 
 []


Overfull \hbox (87.9658pt too wide) in paragraph at lines 17--17
[]    \OT1/cmtt/m/n/8 species = c("digitata", "panacea", "parietina", "littoria
",    "balanoides", "serratus"),[] 
 []

) [59

]
\openout4 = `intro2rchap03.vrb'.

 (./intro2rchap03.vrb) [60

]
\openout4 = `intro2rchap03.vrb'.

 (./intro2rchap03.vrb) [61

]
\openout4 = `intro2rchap03.vrb'.


(./intro2rchap03.vrb) [62

]
\openout4 = `intro2rchap03.vrb'.

 (./intro2rchap03.vrb) [63

]
\openout4 = `intro2rchap03.vrb'.

 (./intro2rchap03.vrb)
[64

]
\openout4 = `intro2rchap03.vrb'.

 (./intro2rchap03.vrb) [65

]
\openout4 = `intro2rchap03.vrb'.

 (./intro2rchap03.vrb) [66

]
\openout4 = `intro2rchap03.vrb'.

 (./intro2rchap03.vrb) [67

]
\openout4 = `intro2rchap03.vrb'.

 (./intro2rchap03.vrb
Overfull \hbox (11.4647pt too wide) in paragraph at lines 15--15
[]                   \OT1/cmtt/m/n/8 variable.name = "condition", value.name = 
"measurement")[] 
 []

)
Overfull \vbox (21.48936pt too high) detected at line 1474
 []

[68

]
\openout4 = `intro2rchap03.vrb'.

 (./intro2rchap03.vrb) [69

]
\openout4 = `intro2rchap03.vrb'.

 (./intro2rchap03.vrb)
Overfull \vbox (2.48936pt too high) detected at line 1530
 []

[70

]
\openout4 = `intro2rchap03.vrb'.

 (./intro2rchap03.vrb) [71

]
\openout4 = `intro2rchap03.vrb'.

 (./intro2rchap03.vrb
Overfull \hbox (91.70665pt too wide) in paragraph at lines 5--5
[]\OT1/cmtt/m/n/10 ##     treat             nitrogen      block         height 
          weight[] 
 []


Overfull \hbox (112.70647pt too wide) in paragraph at lines 6--6
[]\OT1/cmtt/m/n/10 ##  Length:96          low   :32   Min.   :1.0   Min.   : 1.
200   Min.   : 5.790[] 
 []


Overfull \hbox (112.70647pt too wide) in paragraph at lines 7--7
[]\OT1/cmtt/m/n/10 ##  Class :character   medium:32   1st Qu.:1.0   1st Qu.: 4.
475   1st Qu.: 9.027[] 
 []


Overfull \hbox (112.70647pt too wide) in paragraph at lines 8--8
[]\OT1/cmtt/m/n/10 ##  Mode  :character   high  :32   Median :1.5   Median : 6.
450   Median :11.395[] 
 []


Overfull \hbox (112.70647pt too wide) in paragraph at lines 9--9
[]\OT1/cmtt/m/n/10 ##                                 Mean   :1.5   Mean   : 6.
840   Mean   :12.155[] 
 []


Overfull \hbox (112.70647pt too wide) in paragraph at lines 10--10
[]\OT1/cmtt/m/n/10 ##                                 3rd Qu.:2.0   3rd Qu.: 9.
025   3rd Qu.:14.537[] 
 []


Overfull \hbox (112.70647pt too wide) in paragraph at lines 11--11
[]\OT1/cmtt/m/n/10 ##                                 Max.   :2.0   Max.   :17.
200   Max.   :23.890[] 
 []

) [72

]
\openout4 = `intro2rchap03.vrb'.

 (./intro2rchap03.vrb) [73

]
\openout4 = `intro2rchap03.vrb'.

 (./intro2rchap03.vrb) [74

]
\openout4 = `intro2rchap03.vrb'.


(./intro2rchap03.vrb) [75

]
\openout4 = `intro2rchap03.vrb'.

 (./intro2rchap03.vrb) [76

]
\openout4 = `intro2rchap03.vrb'.

 (./intro2rchap03.vrb)
[77

]
\openout4 = `intro2rchap03.vrb'.

 (./intro2rchap03.vrb) [78

]
\openout4 = `intro2rchap03.vrb'.

 (./intro2rchap03.vrb) [79

]
\openout4 = `intro2rchap03.vrb'.

 (./intro2rchap03.vrb) [80

]
\openout4 = `intro2rchap03.vrb'.

 (./intro2rchap03.vrb) [81

]
\openout4 = `intro2rchap03.vrb'.

 (./intro2rchap03.vrb) [82

]
\openout4 = `intro2rchap03.vrb'.


(./intro2rchap03.vrb
Overfull \hbox (7.70738pt too wide) in paragraph at lines 4--4
[]\OT1/cmtt/m/n/10 tapply(flowers$height, flowers$nitrogen, mean, na.rm = TRUE)
[] 
 []

) [83

]
\openout4 = `intro2rchap03.vrb'.

 (./intro2rchap03.vrb) [84

]
\openout4 = `intro2rchap03.vrb'.

 (./intro2rchap03.vrb)
LaTeX Font Info:    Trying to load font information for TS1+cmtt on input line 
1771.

(c:/texlive/2022/texmf-dist/tex/latex/base/ts1cmtt.fd
File: ts1cmtt.fd 2019/12/16 v2.5j Standard LaTeX font definitions
) [85

]
\openout4 = `intro2rchap03.vrb'.


(./intro2rchap03.vrb) [86

]
\openout4 = `intro2rchap03.vrb'.

 (./intro2rchap03.vrb) [87

]
\openout4 = `intro2rchap03.vrb'.

 (./intro2rchap03.vrb)
[88

]
\openout4 = `intro2rchap03.vrb'.

 (./intro2rchap03.vrb) [89

]
\openout4 = `intro2rchap03.vrb'.

 (./intro2rchap03.vrb) [90

]
\openout4 = `intro2rchap03.vrb'.

 (./intro2rchap03.vrb) [91

]
\openout4 = `intro2rchap03.vrb'.

 (./intro2rchap03.vrb) [92

]
\openout4 = `intro2rchap03.vrb'.

 (./intro2rchap03.vrb) [93

]
\openout4 = `intro2rchap03.vrb'.


(./intro2rchap03.vrb) [94

]
\openout4 = `intro2rchap03.vrb'.

 (./intro2rchap03.vrb) [95

]
\openout4 = `intro2rchap03.vrb'.

 (./intro2rchap03.vrb)
[96

]
\tf@nav=\write8
\openout8 = `intro2rchap03.nav'.

\tf@toc=\write9
\openout9 = `intro2rchap03.toc'.

\tf@snm=\write10
\openout10 = `intro2rchap03.snm'.

 (./intro2rchap03.aux)
Package rerunfilecheck Info: File `intro2rchap03.out' has not changed.
(rerunfilecheck)             Checksum: D41D8CD98F00B204E9800998ECF8427E;0.
 ) 
Here is how much of TeX's memory you used:
 30117 strings out of 475075
 597789 string characters out of 5782996
 1076568 words of memory out of 5000000
 50550 multiletter control sequences out of 15000+600000
 481644 words of font info for 76 fonts, out of 8000000 for 9000
 1141 hyphenation exceptions out of 8191
 128i,15n,122p,437b,1496s stack positions out of 10000i,1000n,20000p,200000b,200000s
{c:/texlive/2022/texmf-dist/fonts/enc/dvips/cm-super/cm-super-ts1.enc}<c:/tex
live/2022/texmf-dist/fonts/type1/public/amsfonts/cm/cmss10.pfb><c:/texlive/2022
/texmf-dist/fonts/type1/public/amsfonts/cm/cmss12.pfb><c:/texlive/2022/texmf-di
st/fonts/type1/public/amsfonts/cm/cmss8.pfb><c:/texlive/2022/texmf-dist/fonts/t
ype1/public/amsfonts/cm/cmssbx10.pfb><c:/texlive/2022/texmf-dist/fonts/type1/pu
blic/amsfonts/cm/cmssi10.pfb><c:/texlive/2022/texmf-dist/fonts/type1/public/ams
fonts/cm/cmssi12.pfb><c:/texlive/2022/texmf-dist/fonts/type1/public/amsfonts/cm
/cmsy10.pfb><c:/texlive/2022/texmf-dist/fonts/type1/public/amsfonts/cm/cmsy8.pf
b><c:/texlive/2022/texmf-dist/fonts/type1/public/amsfonts/cm/cmtt10.pfb><c:/tex
live/2022/texmf-dist/fonts/type1/public/amsfonts/cm/cmtt12.pfb><c:/texlive/2022
/texmf-dist/fonts/type1/public/amsfonts/cm/cmtt8.pfb><c:/texlive/2022/texmf-dis
t/fonts/type1/public/cm-super/sfss1000.pfb><c:/texlive/2022/texmf-dist/fonts/ty
pe1/public/cm-super/sfss1440.pfb><c:/texlive/2022/texmf-dist/fonts/type1/public
/cm-super/sftt1000.pfb><c:/texlive/2022/texmf-dist/fonts/type1/public/cm-super/
sftt1440.pfb>
Output written on intro2rchap03.pdf (96 pages, 434197 bytes).
PDF statistics:
 2599 PDF objects out of 2984 (max. 8388607)
 2433 compressed objects within 25 object streams
 193 named destinations out of 1000 (max. 500000)
 64 words of extra memory for PDF output out of 10000 (max. 10000000)

